<?xml version="1.0" encoding="UTF-8"?>
<!-- Generated by org.testng.reporters.JUnitReportReporter -->
<testsuite hostname="DESKTOP-MQR7M4D" failures="0" tests="1" name="com.test.BrowserLaunch" time="4.166" errors="0" timestamp="2021-11-03T18:22:27 IST" skipped="0">
  <testcase classname="com.test.BrowserLaunch" name="launchingBrowser" time="4.166"/>
  <system-out/>
</testsuite> <!-- com.test.BrowserLaunch -->
