<?xml version="1.0" encoding="UTF-8"?>
<!-- Generated by org.testng.reporters.JUnitReportReporter -->
<testsuite hostname="DESKTOP-MQR7M4D" failures="0" tests="5" name="com.test.AddTwoNumbers" time="0.010" errors="0" timestamp="2021-11-02T22:57:23 IST" skipped="0">
  <testcase classname="com.test.AddTwoNumbers" name="sum" time="0.001"/>
  <system-out/>
  <testcase classname="com.test.AddTwoNumbers" name="sum" time="0.001"/>
  <system-out/>
  <testcase classname="com.test.AddTwoNumbers" name="sum" time="0.001"/>
  <system-out/>
  <testcase classname="com.test.AddTwoNumbers" name="sum" time="0.006"/>
  <system-out/>
  <testcase classname="com.test.AddTwoNumbers" name="sub" time="0.001"/>
  <system-out/>
</testsuite> <!-- com.test.AddTwoNumbers -->
