<?xml version="1.0" encoding="UTF-8"?>
<!-- Generated by org.testng.reporters.JUnitReportReporter -->
<testsuite hostname="DESKTOP-MQR7M4D" failures="0" tests="1" name="com.test.BrowserLaunch" time="8.171" errors="0" timestamp="2021-11-03T02:34:56 IST" skipped="0">
  <testcase classname="com.test.BrowserLaunch" name="launchinBrowser" time="8.171"/>
  <system-out/>
</testsuite> <!-- com.test.BrowserLaunch -->
